{"/Users/christopherjackson/Documents/mydev/simple-budget/api/app.js": {"path":"/Users/christopherjackson/Documents/mydev/simple-budget/api/app.js","statementMap":{"0":{"start":{"line":1,"column":16},"end":{"line":1,"column":34}},"1":{"start":{"line":2,"column":19},"end":{"line":2,"column":41}},"2":{"start":{"line":3,"column":26},"end":{"line":3,"column":54}},"3":{"start":{"line":4,"column":19},"end":{"line":4,"column":47}},"4":{"start":{"line":5,"column":18},"end":{"line":5,"column":39}},"5":{"start":{"line":7,"column":12},"end":{"line":7,"column":21}},"6":{"start":{"line":8,"column":11},"end":{"line":8,"column":18}},"7":{"start":{"line":10,"column":0},"end":{"line":10,"column":27}},"8":{"start":{"line":11,"column":0},"end":{"line":11,"column":41}},"9":{"start":{"line":13,"column":0},"end":{"line":19,"column":3}},"10":{"start":{"line":14,"column":20},"end":{"line":17,"column":3}},"11":{"start":{"line":18,"column":2},"end":{"line":18,"column":22}},"12":{"start":{"line":21,"column":0},"end":{"line":44,"column":3}},"13":{"start":{"line":22,"column":18},"end":{"line":29,"column":3}},"14":{"start":{"line":31,"column":2},"end":{"line":43,"column":5}},"15":{"start":{"line":42,"column":4},"end":{"line":42,"column":19}},"16":{"start":{"line":46,"column":0},"end":{"line":46,"column":25}}},"fnMap":{"0":{"name":"(anonymous_0)","decl":{"start":{"line":13,"column":45},"end":{"line":13,"column":46}},"loc":{"start":{"line":13,"column":65},"end":{"line":19,"column":1}},"line":13},"1":{"name":"(anonymous_1)","decl":{"start":{"line":21,"column":45},"end":{"line":21,"column":46}},"loc":{"start":{"line":21,"column":59},"end":{"line":44,"column":1}},"line":21},"2":{"name":"(anonymous_2)","decl":{"start":{"line":41,"column":9},"end":{"line":41,"column":10}},"loc":{"start":{"line":41,"column":19},"end":{"line":43,"column":3}},"line":41}},"branchMap":{},"s":{"0":1,"1":1,"2":1,"3":1,"4":1,"5":1,"6":1,"7":1,"8":1,"9":1,"10":0,"11":0,"12":1,"13":0,"14":0,"15":0,"16":1},"f":{"0":0,"1":0,"2":0},"b":{},"_coverageSchema":"1a1c01bbd47fc00a2c39e90264f33305004495a9","hash":"b032ff05888441d2250ff1304dd130bd089d8576"}
,"/Users/christopherjackson/Documents/mydev/simple-budget/api/routes/v0/users.js": {"path":"/Users/christopherjackson/Documents/mydev/simple-budget/api/routes/v0/users.js","statementMap":{"0":{"start":{"line":2,"column":16},"end":{"line":2,"column":34}},"1":{"start":{"line":3,"column":15},"end":{"line":3,"column":32}},"2":{"start":{"line":4,"column":23},"end":{"line":4,"column":55}},"3":{"start":{"line":5,"column":12},"end":{"line":5,"column":35}},"4":{"start":{"line":6,"column":18},"end":{"line":6,"column":43}},"5":{"start":{"line":8,"column":11},"end":{"line":8,"column":18}},"6":{"start":{"line":11,"column":15},"end":{"line":11,"column":31}},"7":{"start":{"line":19,"column":0},"end":{"line":22,"column":3}},"8":{"start":{"line":20,"column":19},"end":{"line":20,"column":55}},"9":{"start":{"line":21,"column":2},"end":{"line":21,"column":21}},"10":{"start":{"line":31,"column":0},"end":{"line":42,"column":3}},"11":{"start":{"line":32,"column":15},"end":{"line":32,"column":30}},"12":{"start":{"line":34,"column":15},"end":{"line":34,"column":59}},"13":{"start":{"line":36,"column":17},"end":{"line":39,"column":3}},"14":{"start":{"line":41,"column":2},"end":{"line":41,"column":19}},"15":{"start":{"line":46,"column":0},"end":{"line":52,"column":3}},"16":{"start":{"line":47,"column":15},"end":{"line":50,"column":3}},"17":{"start":{"line":51,"column":2},"end":{"line":51,"column":17}},"18":{"start":{"line":56,"column":0},"end":{"line":83,"column":3}},"19":{"start":{"line":57,"column":15},"end":{"line":57,"column":30}},"20":{"start":{"line":58,"column":23},"end":{"line":58,"column":25}},"21":{"start":{"line":60,"column":2},"end":{"line":62,"column":3}},"22":{"start":{"line":61,"column":4},"end":{"line":61,"column":49}},"23":{"start":{"line":64,"column":2},"end":{"line":66,"column":3}},"24":{"start":{"line":65,"column":4},"end":{"line":65,"column":57}},"25":{"start":{"line":68,"column":2},"end":{"line":70,"column":3}},"26":{"start":{"line":69,"column":4},"end":{"line":69,"column":55}},"27":{"start":{"line":73,"column":2},"end":{"line":76,"column":3}},"28":{"start":{"line":74,"column":4},"end":{"line":74,"column":63}},"29":{"start":{"line":75,"column":4},"end":{"line":75,"column":11}},"30":{"start":{"line":78,"column":16},"end":{"line":80,"column":50}},"31":{"start":{"line":81,"column":19},"end":{"line":81,"column":38}},"32":{"start":{"line":82,"column":2},"end":{"line":82,"column":21}},"33":{"start":{"line":87,"column":0},"end":{"line":90,"column":3}},"34":{"start":{"line":88,"column":2},"end":{"line":88,"column":79}},"35":{"start":{"line":89,"column":2},"end":{"line":89,"column":48}},"36":{"start":{"line":93,"column":0},"end":{"line":93,"column":24}}},"fnMap":{"0":{"name":"(anonymous_0)","decl":{"start":{"line":19,"column":16},"end":{"line":19,"column":17}},"loc":{"start":{"line":19,"column":36},"end":{"line":22,"column":1}},"line":19},"1":{"name":"(anonymous_1)","decl":{"start":{"line":31,"column":17},"end":{"line":31,"column":18}},"loc":{"start":{"line":31,"column":37},"end":{"line":42,"column":1}},"line":31},"2":{"name":"(anonymous_2)","decl":{"start":{"line":46,"column":23},"end":{"line":46,"column":24}},"loc":{"start":{"line":46,"column":43},"end":{"line":52,"column":1}},"line":46},"3":{"name":"(anonymous_3)","decl":{"start":{"line":56,"column":23},"end":{"line":56,"column":24}},"loc":{"start":{"line":56,"column":43},"end":{"line":83,"column":1}},"line":56},"4":{"name":"(anonymous_4)","decl":{"start":{"line":87,"column":26},"end":{"line":87,"column":27}},"loc":{"start":{"line":87,"column":46},"end":{"line":90,"column":1}},"line":87}},"branchMap":{"0":{"loc":{"start":{"line":60,"column":2},"end":{"line":62,"column":3}},"type":"if","locations":[{"start":{"line":60,"column":2},"end":{"line":62,"column":3}},{"start":{},"end":{}}],"line":60},"1":{"loc":{"start":{"line":64,"column":2},"end":{"line":66,"column":3}},"type":"if","locations":[{"start":{"line":64,"column":2},"end":{"line":66,"column":3}},{"start":{},"end":{}}],"line":64},"2":{"loc":{"start":{"line":68,"column":2},"end":{"line":70,"column":3}},"type":"if","locations":[{"start":{"line":68,"column":2},"end":{"line":70,"column":3}},{"start":{},"end":{}}],"line":68},"3":{"loc":{"start":{"line":73,"column":2},"end":{"line":76,"column":3}},"type":"if","locations":[{"start":{"line":73,"column":2},"end":{"line":76,"column":3}},{"start":{},"end":{}}],"line":73}},"s":{"0":1,"1":1,"2":1,"3":1,"4":1,"5":1,"6":1,"7":1,"8":4,"9":4,"10":1,"11":8,"12":8,"13":8,"14":8,"15":1,"16":5,"17":5,"18":1,"19":5,"20":5,"21":5,"22":2,"23":5,"24":2,"25":5,"26":2,"27":5,"28":1,"29":1,"30":4,"31":4,"32":4,"33":1,"34":8,"35":8,"36":1},"f":{"0":4,"1":8,"2":5,"3":5,"4":8},"b":{"0":[2,3],"1":[2,3],"2":[2,3],"3":[1,4]},"_coverageSchema":"1a1c01bbd47fc00a2c39e90264f33305004495a9","hash":"c164acce60617090506e6fe0d7a5a97cdc2fb5d4"}
,"/Users/christopherjackson/Documents/mydev/simple-budget/api/utils/constants.js": {"path":"/Users/christopherjackson/Documents/mydev/simple-budget/api/utils/constants.js","statementMap":{"0":{"start":{"line":1,"column":0},"end":{"line":6,"column":2}}},"fnMap":{},"branchMap":{},"s":{"0":1},"f":{},"b":{},"_coverageSchema":"1a1c01bbd47fc00a2c39e90264f33305004495a9","hash":"68fac3cba4b1fcb78864ba5864f805463972dd3e"}
,"/Users/christopherjackson/Documents/mydev/simple-budget/api/utils/db.js": {"path":"/Users/christopherjackson/Documents/mydev/simple-budget/api/utils/db.js","statementMap":{"0":{"start":{"line":1,"column":30},"end":{"line":1,"column":52}},"1":{"start":{"line":2,"column":12},"end":{"line":2,"column":35}},"2":{"start":{"line":4,"column":10},"end":{"line":4,"column":14}},"3":{"start":{"line":7,"column":2},"end":{"line":9,"column":3}},"4":{"start":{"line":8,"column":4},"end":{"line":8,"column":33}},"5":{"start":{"line":11,"column":2},"end":{"line":11,"column":13}},"6":{"start":{"line":14,"column":0},"end":{"line":18,"column":2}},"7":{"start":{"line":16,"column":4},"end":{"line":16,"column":20}}},"fnMap":{"0":{"name":"initDb","decl":{"start":{"line":6,"column":9},"end":{"line":6,"column":15}},"loc":{"start":{"line":6,"column":18},"end":{"line":12,"column":1}},"line":6},"1":{"name":"(anonymous_1)","decl":{"start":{"line":15,"column":9},"end":{"line":15,"column":10}},"loc":{"start":{"line":15,"column":21},"end":{"line":17,"column":3}},"line":15}},"branchMap":{"0":{"loc":{"start":{"line":7,"column":2},"end":{"line":9,"column":3}},"type":"if","locations":[{"start":{"line":7,"column":2},"end":{"line":9,"column":3}},{"start":{},"end":{}}],"line":7}},"s":{"0":1,"1":1,"2":1,"3":2,"4":1,"5":2,"6":1,"7":2},"f":{"0":2,"1":2},"b":{"0":[1,1]},"_coverageSchema":"1a1c01bbd47fc00a2c39e90264f33305004495a9","hash":"3146d52fafbb2b82ce6fa06c203b09f811bed8d8"}
}
