TN:
SF:app.js
FN:13,(anonymous_0)
FN:21,(anonymous_1)
FN:41,(anonymous_2)
FNF:3
FNH:0
FNDA:0,(anonymous_0)
FNDA:0,(anonymous_1)
FNDA:0,(anonymous_2)
DA:1,1
DA:2,1
DA:3,1
DA:4,1
DA:5,1
DA:7,1
DA:8,1
DA:10,1
DA:11,1
DA:13,1
DA:14,0
DA:18,0
DA:21,1
DA:22,0
DA:31,0
DA:42,0
DA:46,1
LF:17
LH:12
BRF:0
BRH:0
end_of_record
TN:
SF:routes/v0/users.js
FN:19,(anonymous_0)
FN:31,(anonymous_1)
FN:46,(anonymous_2)
FN:56,(anonymous_3)
FN:87,(anonymous_4)
FNF:5
FNH:5
FNDA:4,(anonymous_0)
FNDA:8,(anonymous_1)
FNDA:5,(anonymous_2)
FNDA:5,(anonymous_3)
FNDA:8,(anonymous_4)
DA:2,1
DA:3,1
DA:4,1
DA:5,1
DA:6,1
DA:8,1
DA:11,1
DA:19,1
DA:20,4
DA:21,4
DA:31,1
DA:32,8
DA:34,8
DA:36,8
DA:41,8
DA:46,1
DA:47,5
DA:51,5
DA:56,1
DA:57,5
DA:58,5
DA:60,5
DA:61,2
DA:64,5
DA:65,2
DA:68,5
DA:69,2
DA:73,5
DA:74,1
DA:75,1
DA:78,4
DA:81,4
DA:82,4
DA:87,1
DA:88,8
DA:89,8
DA:93,1
LF:37
LH:37
BRDA:60,0,0,2
BRDA:60,0,1,3
BRDA:64,1,0,2
BRDA:64,1,1,3
BRDA:68,2,0,2
BRDA:68,2,1,3
BRDA:73,3,0,1
BRDA:73,3,1,4
BRF:8
BRH:8
end_of_record
TN:
SF:utils/constants.js
FNF:0
FNH:0
DA:1,1
LF:1
LH:1
BRF:0
BRH:0
end_of_record
TN:
SF:utils/db.js
FN:6,initDb
FN:15,(anonymous_1)
FNF:2
FNH:2
FNDA:2,initDb
FNDA:2,(anonymous_1)
DA:1,1
DA:2,1
DA:4,1
DA:7,2
DA:8,1
DA:11,2
DA:14,1
DA:16,2
LF:8
LH:8
BRDA:7,0,0,1
BRDA:7,0,1,1
BRF:2
BRH:2
end_of_record
